<component name="libraryTable">
  <library name="junit-4.13-beta-1">
    <CLASSES>
      <root url="jar://$USER_HOME$/Desktop/junit-4.13-beta-1.jar!/" />
      <root url="jar://$USER_HOME$/Desktop/org.ops4j.pax.tipi.hamcrest.core-1.3.0.1.jar!/" />
    </CLASSES>
    <JAVADOC />
    <SOURCES />
  </library>
</component>